<?xml version="1.0" encoding="UTF-8"?>
<!-- Generated by org.testng.reporters.JUnitReportReporter -->
<testsuite hostname="TechEZone" failures="0" tests="1" name="com.fitpeo.testcase.TC001_HomePageTest" time="0.158" errors="0" timestamp="2024-11-26T20:56:03 IST" skipped="0">
  <testcase classname="com.fitpeo.testcase.TC001_HomePageTest" name="verify_navigation_of_homepage" time="0.158"/>
</testsuite> <!-- com.fitpeo.testcase.TC001_HomePageTest -->
